# JRE version: OpenJDK Runtime Environment (8.0_202-b03) (build 1.8.0_202-release-1483-b03)
# Java VM: OpenJDK 64-Bit Server VM (25.202-b03 mixed mode windows-amd64 compressed oops)
Heap:
 PSYoungGen      total 265216K, used 124002K [0x00000000e0000000, 0x00000000f2080000, 0x0000000100000000)
  eden space 235008K, 39% used [0x00000000e0000000,0x00000000e5b9bf08,0x00000000ee580000)
  from space 30208K, 99% used [0x00000000ee580000,0x00000000f02fcb98,0x00000000f0300000)
  to   space 25088K, 0% used [0x00000000f0800000,0x00000000f0800000,0x00000000f2080000)
 ParOldGen       total 137216K, used 56403K [0x00000000a0000000, 0x00000000a8600000, 0x00000000e0000000)
  object space 137216K, 41% used [0x00000000a0000000,0x00000000a3714c30,0x00000000a8600000)
 Metaspace       used 85992K, capacity 89984K, committed 90200K, reserved 1126400K
  class space    used 11602K, capacity 12368K, committed 12416K, reserved 1048576K
GC Heap History (10 events):
Event: 27.548 GC heap before
{Heap before GC invocations=16 (full 3):
 PSYoungGen      total 197632K, used 178688K [0x00000000e0000000, 0x00000000ee080000, 0x0000000100000000)
  eden space 178688K, 100% used [0x00000000e0000000,0x00000000eae80000,0x00000000eae80000)
  from space 18944K, 0% used [0x00000000ec100000,0x00000000ec100000,0x00000000ed380000)
  to   space 18944K, 0% used [0x00000000eae80000,0x00000000eae80000,0x00000000ec100000)
 ParOldGen       total 137216K, used 34906K [0x00000000a0000000, 0x00000000a8600000, 0x00000000e0000000)
  object space 137216K, 25% used [0x00000000a0000000,0x00000000a22169d8,0x00000000a8600000)
 Metaspace       used 65095K, capacity 67318K, committed 67416K, reserved 1107968K
  class space    used 8760K, capacity 9249K, committed 9344K, reserved 1048576K
Event: 27.570 GC heap after
Heap after GC invocations=16 (full 3):
 PSYoungGen      total 197632K, used 15370K [0x00000000e0000000, 0x00000000ef600000, 0x0000000100000000)
  eden space 178688K, 0% used [0x00000000e0000000,0x00000000e0000000,0x00000000eae80000)
  from space 18944K, 81% used [0x00000000eae80000,0x00000000ebd82980,0x00000000ec100000)
  to   space 19968K, 0% used [0x00000000ee280000,0x00000000ee280000,0x00000000ef600000)
 ParOldGen       total 137216K, used 34914K [0x00000000a0000000, 0x00000000a8600000, 0x00000000e0000000)
  object space 137216K, 25% used [0x00000000a0000000,0x00000000a22189d8,0x00000000a8600000)
 Metaspace       used 65095K, capacity 67318K, committed 67416K, reserved 1107968K
  class space    used 8760K, capacity 9249K, committed 9344K, reserved 1048576K
}
Event: 31.249 GC heap before
{Heap before GC invocations=17 (full 3):
 PSYoungGen      total 197632K, used 194055K [0x00000000e0000000, 0x00000000ef600000, 0x0000000100000000)
  eden space 178688K, 99% used [0x00000000e0000000,0x00000000eae7f670,0x00000000eae80000)
  from space 18944K, 81% used [0x00000000eae80000,0x00000000ebd82980,0x00000000ec100000)
  to   space 19968K, 0% used [0x00000000ee280000,0x00000000ee280000,0x00000000ef600000)
 ParOldGen       total 137216K, used 34914K [0x00000000a0000000, 0x00000000a8600000, 0x00000000e0000000)
  object space 137216K, 25% used [0x00000000a0000000,0x00000000a22189d8,0x00000000a8600000)
 Metaspace       used 68499K, capacity 70958K, committed 71256K, reserved 1110016K
  class space    used 9226K, capacity 9755K, committed 9856K, reserved 1048576K
Event: 31.315 GC heap after
Heap after GC invocations=17 (full 3):
 PSYoungGen      total 226304K, used 19938K [0x00000000e0000000, 0x00000000f0380000, 0x0000000100000000)
  eden space 206336K, 0% used [0x00000000e0000000,0x00000000e0000000,0x00000000ec980000)
  from space 19968K, 99% used [0x00000000ee280000,0x00000000ef5f8990,0x00000000ef600000)
  to   space 25600K, 0% used [0x00000000ec980000,0x00000000ec980000,0x00000000ee280000)
 ParOldGen       total 137216K, used 42619K [0x00000000a0000000, 0x00000000a8600000, 0x00000000e0000000)
  object space 137216K, 31% used [0x00000000a0000000,0x00000000a299eed8,0x00000000a8600000)
 Metaspace       used 68499K, capacity 70958K, committed 71256K, reserved 1110016K
  class space    used 9226K, capacity 9755K, committed 9856K, reserved 1048576K
}
Event: 159.348 GC heap before
{Heap before GC invocations=18 (full 3):
 PSYoungGen      total 226304K, used 226274K [0x00000000e0000000, 0x00000000f0380000, 0x0000000100000000)
  eden space 206336K, 100% used [0x00000000e0000000,0x00000000ec980000,0x00000000ec980000)
  from space 19968K, 99% used [0x00000000ee280000,0x00000000ef5f8990,0x00000000ef600000)
  to   space 25600K, 0% used [0x00000000ec980000,0x00000000ec980000,0x00000000ee280000)
 ParOldGen       total 137216K, used 42619K [0x00000000a0000000, 0x00000000a8600000, 0x00000000e0000000)
  object space 137216K, 31% used [0x00000000a0000000,0x00000000a299eed8,0x00000000a8600000)
 Metaspace       used 74441K, capacity 77266K, committed 77528K, reserved 1116160K
  class space    used 9858K, capacity 10417K, committed 10496K, reserved 1048576K
Event: 159.634 GC heap after
Heap after GC invocations=18 (full 3):
 PSYoungGen      total 231936K, used 23146K [0x00000000e0000000, 0x00000000f2400000, 0x0000000100000000)
  eden space 206336K, 0% used [0x00000000e0000000,0x00000000e0000000,0x00000000ec980000)
  from space 25600K, 90% used [0x00000000ec980000,0x00000000ee01ab60,0x00000000ee280000)
  to   space 28672K, 0% used [0x00000000f0800000,0x00000000f0800000,0x00000000f2400000)
 ParOldGen       total 137216K, used 51578K [0x00000000a0000000, 0x00000000a8600000, 0x00000000e0000000)
  object space 137216K, 37% used [0x00000000a0000000,0x00000000a325e858,0x00000000a8600000)
 Metaspace       used 74441K, capacity 77266K, committed 77528K, reserved 1116160K
  class space    used 9858K, capacity 10417K, committed 10496K, reserved 1048576K
}
Event: 368.447 GC heap before
{Heap before GC invocations=19 (full 3):
 PSYoungGen      total 231936K, used 229470K [0x00000000e0000000, 0x00000000f2400000, 0x0000000100000000)
  eden space 206336K, 99% used [0x00000000e0000000,0x00000000ec97cd88,0x00000000ec980000)
  from space 25600K, 90% used [0x00000000ec980000,0x00000000ee01ab60,0x00000000ee280000)
  to   space 28672K, 0% used [0x00000000f0800000,0x00000000f0800000,0x00000000f2400000)
 ParOldGen       total 137216K, used 51578K [0x00000000a0000000, 0x00000000a8600000, 0x00000000e0000000)
  object space 137216K, 37% used [0x00000000a0000000,0x00000000a325e858,0x00000000a8600000)
 Metaspace       used 76779K, capacity 79612K, committed 79832K, reserved 1118208K
  class space    used 10162K, capacity 10734K, committed 10752K, reserved 1048576K
Event: 368.525 GC heap after
Heap after GC invocations=19 (full 3):
 PSYoungGen      total 260096K, used 20740K [0x00000000e0000000, 0x00000000f2080000, 0x0000000100000000)
  eden space 235008K, 0% used [0x00000000e0000000,0x00000000e0000000,0x00000000ee580000)
  from space 25088K, 82% used [0x00000000f0800000,0x00000000f1c41360,0x00000000f2080000)
  to   space 30208K, 0% used [0x00000000ee580000,0x00000000ee580000,0x00000000f0300000)
 ParOldGen       total 137216K, used 51586K [0x00000000a0000000, 0x00000000a8600000, 0x00000000e0000000)
  object space 137216K, 37% used [0x00000000a0000000,0x00000000a3260858,0x00000000a8600000)
 Metaspace       used 76779K, capacity 79612K, committed 79832K, reserved 1118208K
  class space    used 10162K, capacity 10734K, committed 10752K, reserved 1048576K
}
Event: 380.789 GC heap before
{Heap before GC invocations=20 (full 3):
 PSYoungGen      total 260096K, used 255748K [0x00000000e0000000, 0x00000000f2080000, 0x0000000100000000)
  eden space 235008K, 100% used [0x00000000e0000000,0x00000000ee580000,0x00000000ee580000)
  from space 25088K, 82% used [0x00000000f0800000,0x00000000f1c41360,0x00000000f2080000)
  to   space 30208K, 0% used [0x00000000ee580000,0x00000000ee580000,0x00000000f0300000)
 ParOldGen       total 137216K, used 51586K [0x00000000a0000000, 0x00000000a8600000, 0x00000000e0000000)
  object space 137216K, 37% used [0x00000000a0000000,0x00000000a3260858,0x00000000a8600000)
 Metaspace       used 83397K, capacity 86978K, committed 87128K, reserved 1124352K
  class space    used 11191K, capacity 11897K, committed 11904K, reserved 1048576K
Event: 380.868 GC heap after
Heap after GC invocations=20 (full 3):
 PSYoungGen      total 265216K, used 30194K [0x00000000e0000000, 0x00000000f2080000, 0x0000000100000000)
  eden space 235008K, 0% used [0x00000000e0000000,0x00000000e0000000,0x00000000ee580000)
  from space 30208K, 99% used [0x00000000ee580000,0x00000000f02fcb98,0x00000000f0300000)
  to   space 25088K, 0% used [0x00000000f0800000,0x00000000f0800000,0x00000000f2080000)
 ParOldGen       total 137216K, used 56403K [0x00000000a0000000, 0x00000000a8600000, 0x00000000e0000000)
  object space 137216K, 41% used [0x00000000a0000000,0x00000000a3714c30,0x00000000a8600000)
 Metaspace       used 83397K, capacity 86978K, committed 87128K, reserved 1124352K
  class space    used 11191K, capacity 11897K, committed 11904K, reserved 1048576K
}

